#
# There is insufficient memory for the Java Runtime Environment to continue.
# Native memory allocation (mmap) failed to map 2621440 bytes for G1 virtual space
# Possible reasons:
#   The system is out of physical RAM or swap space
#   The process is running with CompressedOops enabled, and the Java Heap may be blocking the growth of the native heap
# Possible solutions:
#   Reduce memory load on the system
#   Increase physical memory or swap space
#   Check if swap backing store is full
#   Decrease Java heap size (-Xmx/-Xms)
#   Decrease number of Java threads
#   Decrease Java thread stack sizes (-Xss)
#   Set larger code cache with -XX:ReservedCodeCacheSize=
#   JVM is running with Zero Based Compressed Oops mode in which the Java heap is
#     placed in the first 32GB address space. The Java Heap base address is the
#     maximum limit for the native heap growth. Please use -XX:HeapBaseMinAddress
#     to set the Java Heap base and to place the Java Heap above 32GB virtual address.
# This output file may be truncated or incomplete.
#
#  Out of Memory Error (os_windows.cpp:3469), pid=35288, tid=38224
#
# JRE version:  (17.0.1+12) (build )
# Java VM: OpenJDK 64-Bit Server VM (17.0.1+12, mixed mode, emulated-client, sharing, tiered, compressed oops, compressed class ptrs, g1 gc, windows-amd64)
# No core dump will be written. Minidumps are not enabled by default on client versions of Windows
#

---------------  S U M M A R Y ------------

Command Line: -Dcom.sun.management.jmxremote -Dcom.sun.management.jmxremote.port=53982 -Dcom.sun.management.jmxremote.authenticate=false -Dcom.sun.management.jmxremote.ssl=false -Djava.rmi.server.hostname=localhost -Dspring.jmx.enabled=true -Dspring.application.admin.enabled=true -XX:TieredStopAtLevel=1 -Dspring.boot.project.name=projetAutent3103 -Dfile.encoding=UTF-8 -XX:+ShowCodeDetailsInExceptionMessages com.auth.ProjetAutent3103Application --spring.output.ansi.enabled=always

Host: AMD Ryzen 5 3500U with Radeon Vega Mobile Gfx  , 8 cores, 9G,  Windows 10 , 64 bit Build 19041 (10.0.19041.1566)
Time: Thu Mar 31 16:34:06 2022 Paris, Madrid (heure duild 19041 (10.0.19041.1566) elapsed time: 0.016671 seconds (0d 0h 0m 0s)

---------------  T H R E A D  ---------------

Current thread (0x0000019d435fc7e0):  JavaThread "Unknown thread" [_thread_in_vm, id=38224, stack(0x0000004770000000,0x0000004770100000)]

Stack: [0x0000004770000000,0x0000004770100000]
Native frames: (J=compiled Java code, j=interpreted, Vv=VM code, C=native code)
V  [jvm.dll+0x6744da]
V  [jvm.dll+0x82e144]
V  [jvm.dll+0x82f8ee]
V  [jvm.dll+0x82ff53]
V  [jvm.dll+0x245175]
V  [jvm.dll+0x6714c9]
V  [jvm.dll+0x665f92]
V  [jvm.dll+0x303c3b]
V  [jvm.dll+0x30b176]
V  [jvm.dll+0x35af48]
V  [jvm.dll+0x35b14f]
V  [jvm.dll+0x2dab78]
V  [jvm.dll+0x2dbae4]
V  [jvm.dll+0x7ffdf1]
V  [jvm.dll+0x368c91]
V  [jvm.dll+0x7df2cc]
V  [jvm.dll+0x3eb59f]
V  [jvm.dll+0x3ed121]
C  [jli.dll+0x5277]
C  [ucrtbase.dll+0x21bb2]
C  [KERNEL32.DLL+0x17034]
C  [ntdll.dll+0x52651]


---------------  P R O C E S S  ---------------

Threads class SMR info:
_java_thread_list=0x00007ff9719c4e58, length=0, elements={
}

Java Threads: ( => current thread )

Other Threads:
  0x0000019d4363b920 GCTaskThread "GC Thread#0" [stack: 0x0000004770100000,0x0000004770200000] [id=34436]
  0x0000019d43646d20 ConcurrentGCThread "G1 Main Marker" [stack: 0x0000004770200000,0x0000004770300000] [id=30852]
  0x0000019d43647640 ConcurrentGCThread "G1 Conc#0" [stack: 0x0000004770300000,0x0000004770400000] [id=37920]

[error occurred during error reporting (printing all threads), id 0xc0000005, EXCEPTION_ACCESS_VIOLATION (0xc0000005) at pc=0x00007ff97119b5f7]

VM state: not at safepoint (not fully initialized)

VM Mutex/Monitor currently owned by a thread:  ([mutex/lock_event])
[0x0000019d435f7230] Heap_lock - owner thread: 0x0000019d435fc7e0

Heap address: 0x0000000761e00000, size: 2530 MB, Compressed Oops mode: Zero based, Oop shift amount: 3

CDS archive(s) mapped at: [0x0000000000000000-0x0000000000000000-0x0000000000000000), size 0, SharedBaseAddress: 0x0000000800000000, ArchiveRelocationMode: 0.
Narrow klass base: 0x0000000000000000, Narrow klass shift: 0, Narrow klass range: 0x0

GC Precious Log:
<Empty>

Heap:
 garbage-first heap   total 0K, used 0K [0x0000000761e00000, 0x0000000800000000)
  region size 2048K, 0 young (0K), 0 survivors (0K)

[error occurred during error reporting (printing heap information), id 0xc0000005, EXCEPTION_ACCESS_VIOLATION (0xc0000005) at pc=0x00007ff97157d729]

GC Heap History (0 events):
No events

Deoptimization events (0 events):
No events

Classes unloaded (0 events):
No events

Classes redefined (0 events):
No events

Internal exceptions (0 events):
No events

VM Operations (0 events):
No events

Events (1 events):
Event: 0.011 Loaded shared library C:\Users\yousf\Downloads\sts-4.13.1.RELEASE\plugins\org.eclipse.justj.openjdk.hotspot.jre.full.win32.x86_64_17.0.1.v20211116-1657\jre\bin\java.dll


Dynamic libraries:
0x00007ff709650000 - 0x00007ff70965e000 	C:\Users\yousf\Downloads\sts-4.13.1.RELEASE\plugins\org.eclipse.justj.openjdk.hotspot.jre.full.win32.x86_64_17.0.1.v20211116-1657\jre\bin\javaw.exe
0x00007ff9a90f0000 - 0x00007ff9a92e5000 	C:\Windows\SYSTEM32\ntdll.dll
0x00007ff9a85a0000 - 0x00007ff9a865e000 	C:\Windows\System32\KERNEL32.DLL
0x00007ff9a6c90000 - 0x00007ff9a6f58000 	C:\Windows\System32\KERNELBASE.dll
0x00007ff9a6f60000 - 0x00007ff9a7060000 	C:\Windows\System32\ucrtbase.dll
0x00007ff99f5a0000 - 0x00007ff99f5b8000 	C:\Users\yousf\Downloads\sts-4.13.1.RELEASE\plugins\org.eclipse.justj.openjdk.hotspot.jre.full.win32.x86_64_17.0.1.v20211116-1657\jre\bin\jli.dll
0x00007ff9a8de0000 - 0x00007ff9a8f80000 	C:\Windows\System32\USER32.dll
0x00007ff9a70d0000 - 0x00007ff9a70f2000 	C:\Windows\System32\win32u.dll
0x00007ff99fe80000 - 0x00007ff99fe99000 	C:\Users\yousf\Downloads\sts-4.13.1.RELEASE\plugins\org.eclipse.justj.openjdk.hotspot.jre.full.win32.x86_64_17.0.1.v20211116-1657\jre\bin\VCRUNTIME140.dll
0x00007ff9a8660000 - 0x00007ff9a868b000 	C:\Windows\System32\GDI32.dll
0x00007ff9a6b80000 - 0x00007ff9a6c8b000 	C:\Windows\System32\gdi32full.dll
0x00007ff9a6970000 - 0x00007ff9a6a0d000 	C:\Windows\System32\msvcp_win.dll
0x00007ff990720000 - 0x00007ff9909ba000 	C:\Windows\WinSxS\amd64_microsoft.windows.common-controls_6595b64144ccf1df_6.0.19041.1110_none_60b5254171f9507e\COMCTL32.dll
0x00007ff9a7e10000 - 0x00007ff9a7eae000 	C:\Windows\System32\msvcrt.dll
0x00007ff9a71b0000 - 0x00007ff9a71e0000 	C:\Windows\System32\IMM32.DLL
0x00007ff9a1fe0000 - 0x00007ff9a1fec000 	C:\Users\yousf\Downloads\sts-4.13.1.RELEASE\plugins\org.eclipse.justj.openjdk.hotspot.jre.full.win32.x86_64_17.0.1.v20211116-1657\jre\bin\vcruntime140_1.dll
0x00007ff97dbe0000 - 0x00007ff97dc71000 	C:\Users\yousf\Downloads\sts-4.13.1.RELEASE\plugins\org.eclipse.justj.openjdk.hotspot.jre.full.win32.x86_64_17.0.1.v20211116-1657\jre\bin\msvcp140.dll
0x00007ff970eb0000 - 0x00007ff971af6000 	C:\Users\yousf\Downloads\sts-4.13.1.RELEASE\plugins\org.eclipse.justj.openjdk.hotspot.jre.full.win32.x86_64_17.0.1.v20211116-1657\jre\bin\server\jvm.dll
0x00007ff9a7ed0000 - 0x00007ff9a7f7e000 	C:\Windows\System32\ADVAPI32.dll
0x00007ff9a8410000 - 0x00007ff9a84ac000 	C:\Windows\System32\sechost.dll
0x00007ff9a7370000 - 0x00007ff9a7495000 	C:\Windows\System32\RPCRT4.dll
0x00007ff9a7eb0000 - 0x00007ff9a7eb8000 	C:\Windows\System32\PSAPI.DLL
0x00007ff99ff30000 - 0x00007ff99ff3a000 	C:\Windows\SYSTEM32\VERSION.dll
0x00007ff9a1fb0000 - 0x00007ff9a1fb9000 	C:\Windows\SYSTEM32\WSOCK32.dll
0x00007ff99ced0000 - 0x00007ff99cef7000 	C:\Windows\SYSTEM32\WINMM.dll
0x00007ff9a7da0000 - 0x00007ff9a7e0b000 	C:\Windows\System32\WS2_32.dll
0x00007ff9a50b0000 - 0x00007ff9a50c2000 	C:\Windows\SYSTEM32\kernel.appcore.dll
0x00007ff9a1f80000 - 0x00007ff9a1f8a000 	C:\Users\yousf\Downloads\sts-4.13.1.RELEASE\plugins\org.eclipse.justj.openjdk.hotspot.jre.full.win32.x86_64_17.0.1.v20211116-1657\jre\bin\jimage.dll
0x00007ff9a46f0000 - 0x00007ff9a48d4000 	C:\Windows\SYSTEM32\DBGHELP.DLL
0x00007ff994580000 - 0x00007ff9945ac000 	C:\Windows\SYSTEM32\dbgcore.DLL
0x00007ff9a6a40000 - 0x00007ff9a6ac2000 	C:\Windows\System32\bcryptPrimitives.dll
0x00007ff99ec30000 - 0x00007ff99ec55000 	C:\Users\yousf\Downloads\sts-4.13.1.RELEASE\plugins\org.eclipse.justj.openjdk.hotspot.jre.full.win32.x86_64_17.0.1.v20211116-1657\jre\bin\java.dll

dbghelp: loaded successfully - version: 4.0.5 - missing functions: none
symbol engine: initialized successfully - sym options: 0x614 - pdb path: .;C:\Users\yousf\Downloads\sts-4.13.1.RELEASE\plugins\org.eclipse.justj.openjdk.hotspot.jre.full.win32.x86_64_17.0.1.v20211116-1657\jre\bin;C:\Windows\SYSTEM32;C:\Windows\WinSxS\amd64_microsoft.windows.common-controls_6595b64144ccf1df_6.0.19041.1110_none_60b5254171f9507e;C:\Users\yousf\Downloads\sts-4.13.1.RELEASE\plugins\org.eclipse.justj.openjdk.hotspot.jre.full.win32.x86_64_17.0.1.v20211116-1657\jre\bin\server

VM Arguments:
jvm_args: -Dcom.sun.management.jmxremote -Dcom.sun.management.jmxremote.port=53982 -Dcom.sun.management.jmxremote.authenticate=false -Dcom.sun.management.jmxremote.ssl=false -Djava.rmi.server.hostname=localhost -Dspring.jmx.enabled=true -Dspring.application.admin.enabled=true -XX:TieredStopAtLevel=1 -Dspring.boot.project.name=projetAutent3103 -Dfile.encoding=UTF-8 -XX:+ShowCodeDetailsInExceptionMessages 
java_command: com.auth.ProjetAutent3103Application --spring.output.ansi.enabled=always
java_class_path (initial): C:\Users\yousf\Desktop\newWorkSpace\projetAutent3103\target\classes;C:\Users\yousf\.m2\repository\org\springframework\boot\spring-boot-starter-data-jpa\2.6.5\spring-boot-starter-data-jpa-2.6.5.jar;C:\Users\yousf\.m2\repository\org\springframework\boot\spring-boot-starter-aop\2.6.5\spring-boot-starter-aop-2.6.5.jar;C:\Users\yousf\.m2\repository\org\aspectj\aspectjweaver\1.9.7\aspectjweaver-1.9.7.jar;C:\Users\yousf\.m2\repository\org\springframework\boot\spring-boot-starter-jdbc\2.6.5\spring-boot-starter-jdbc-2.6.5.jar;C:\Users\yousf\.m2\repository\com\zaxxer\HikariCP\4.0.3\HikariCP-4.0.3.jar;C:\Users\yousf\.m2\repository\org\springframework\spring-jdbc\5.3.17\spring-jdbc-5.3.17.jar;C:\Users\yousf\.m2\repository\jakarta\transaction\jakarta.transaction-api\1.3.3\jakarta.transaction-api-1.3.3.jar;C:\Users\yousf\.m2\repository\jakarta\persistence\jakarta.persistence-api\2.2.3\jakarta.persistence-api-2.2.3.jar;C:\Users\yousf\.m2\repository\org\hibernate\hibernate-core\5.6.7.Final\hibernate-core-5.6.7.Final.jar;C:\Users\yousf\.m2\repository\org\jboss\logging\jboss-logging\3.4.3.Final\jboss-logging-3.4.3.Final.jar;C:\Users\yousf\.m2\repository\net\bytebuddy\byte-buddy\1.11.22\byte-buddy-1.11.22.jar;C:\Users\yousf\.m2\repository\antlr\antlr\2.7.7\antlr-2.7.7.jar;C:\Users\yousf\.m2\repository\org\jboss\jandex\2.4.2.Final\jandex-2.4.2.Final.jar;C:\Users\yousf\.m2\repository\com\fasterxml\classmate\1.5.1\classmate-1.5.1.jar;C:\Users\yousf\.m2\repository\org\hibernate\common\hibernate-commons-annotations\5.1.2.Final\hibernate-commons-annotations-5.1.2.Final.jar;C:\Users\yousf\.m2\repository\org\glassfish\jaxb\jaxb-runtime\2.3.6\jaxb-runtime-2.3.6.jar;C:\Users\yousf\.m2\repository\org\glassfish\jaxb\txw2\2.3.6\txw2-2.3.6.jar;C:\Users\yousf\.m2\repository\com\sun\istack\istack-commons-runtime\3.0.12\istack-commons-runtime-3.0.12.jar;C:\Users\yousf\.m2\repository\com\sun\activation\jakarta.activation\1.2.2\jakarta.activation-1.2.2.jar;C:\Users\yousf\.m2
Launcher Type: SUN_STANDARD

[Global flags]
     intx CICompilerCount                          = 4                                         {product} {ergonomic}
     uint ConcGCThreads                            = 2                                         {product} {ergonomic}
     uint G1ConcRefinementThreads                  = 8                                         {product} {ergonomic}
   size_t G1HeapRegionSize                         = 2097152                                   {product} {ergonomic}
    uintx GCDrainStackTargetSize                   = 64                                        {product} {ergonomic}
   size_t InitialHeapSize                          = 167772160                                 {product} {ergonomic}
     bool ManagementServer                         = true                                      {product} {command line}
   size_t MarkStackSize                            = 4194304                                   {product} {ergonomic}
   size_t MaxHeapSize                              = 2652897280                                {product} {ergonomic}
   size_t MinHeapDeltaBytes                        = 2097152                                   {product} {ergonomic}
   size_t MinHeapSize                              = 8388608                                   {product} {ergonomic}
    uintx NonProfiledCodeHeapSize                  = 0                                      {pd product} {ergonomic}
     bool ProfileInterpreter                       = false                                  {pd product} {command line}
    uintx ProfiledCodeHeapSize                     = 0                                      {pd product} {ergonomic}
     bool ShowCodeDetailsInExceptionMessages       = true                                   {manageable} {command line}
   size_t SoftMaxHeapSize                          = 2652897280                             {manageable} {ergonomic}
     intx TieredStopAtLevel                        = 1                                         {product} {command line}
     bool UseCompressedClassPointers               = true                           {product lp64_product} {ergonomic}
     bool UseCompressedOops                        = true                           {product lp64_product} {ergonomic}
     bool UseG1GC                                  = true                                      {product} {ergonomic}
     bool UseLargePagesIndividualAllocation        = false                                  {pd product} {ergonomic}

Logging:
Log output configuration:
 #0: stdout all=warning uptime,level,tags
 #1: stderr all=off uptime,level,tags

Environment Variables:
PATH=C:/Users/yousf/Downloads/sts-4.13.1.RELEASE//plugins/org.eclipse.justj.openjdk.hotspot.jre.full.win32.x86_64_17.0.1.v20211116-1657/jre/bin/server;C:/Users/yousf/Downloads/sts-4.13.1.RELEASE//plugins/org.eclipse.justj.openjdk.hotspot.jre.full.win32.x86_64_17.0.1.v20211116-1657/jre/bin;C:\Program Files\Common Files\Oracle\Java\javapath;"C:\Program Files (x86)\VMware\VMware Player\bin\;C:\wamp64(2)\bin\php\php7.4.9";C:\Program Files (x86)\Java\jdk1.8.0_271\bin;C:\Program Files\Git\cmd;C:\Program Files\nodejs\;C:\wamp64(2)\bin\php\php7.4.9;C:\composer;C:\Users\yousf\AppData\Roaming\npm;"C:\Program Files\MySQL\MySQL Shell 8.0\bin\;C:\wamp64(2)\bin\php\php7.4.9";"C:\Users\yousf\AppData\Local\Microsoft\WindowsApps;C:\Windows\System32;";C:\Users\yousf\AppData\Local\Programs\Microsoft VS Code\bin;C:\Program Files\JetBrains\WebStorm 2020.3.2\bin;;C:\Users\yousf\AppData\Roaming\npm;C:\wamp64(2)\bin\php\php7.4.9;C:\Users\yousf\AppData\Roaming\Composer\vendor\bin;C:\Program Files\nodejs\;C:\Users\yousf\AppData\Local\GitHubDesktop\bin;C:\Users\yousf\Downloads\sts-4.13.1.RELEASE;
USERNAME=yousf
OS=Windows_NT
PROCESSOR_IDENTIFIER=AMD64 Family 23 Model 24 Stepping 1, AuthenticAMD



---------------  S Y S T E M  ---------------

OS:
 Windows 10 , 64 bit Build 19041 (10.0.19041.1566)
OS uptime: 2 days 19:18 hours

CPU: total 8 (initial active 8) (8 cores per cpu, 2 threads per core) family 23 model 24 stepping 1 microcode 0x0, cx8, cmov, fxsr, ht, mmx, 3dnowpref, sse, sse2, sse3, ssse3, sse4a, sse4.1, sse4.2, popcnt, lzcnt, tsc, tscinvbit, avx, avx2, aes, clmul, bmi1, bmi2, adx, sha, fma, vzeroupper, clflush, clflushopt

Memory: 4k page, system-wide physical 10116M (946M free)
TotalPageFile size 40481M (AvailPageFile size 5M)
current process WorkingSet (physical memory assigned to process): 10M, peak: 10M
current process commit charge ("private bytes"): 217M, peak: 220M

vm_info: OpenJDK 64-Bit Server VM (17.0.1+12) for windows-amd64 JRE (17.0.1+12), built on Oct 20 2021 07:42:55 by "" with MS VC++ 16.7 (VS2019)

END.
